0 info it worked if it ends with ok
1 verbose cli [ 'node', '/usr/bin/npm', 'install', '-g', 'yo' ]
2 info using npm@2.13.3
3 info using node@v0.12.7
4 verbose node symlink /usr/bin/node
5 verbose install initial load of /usr/lib/package.json
6 verbose readDependencies loading dependencies from /usr/lib/package.json
7 silly cache add args [ 'yo', null ]
8 verbose cache add spec yo
9 silly cache add parsed spec { raw: 'yo',
9 silly cache add   scope: null,
9 silly cache add   name: 'yo',
9 silly cache add   rawSpec: '',
9 silly cache add   spec: '*',
9 silly cache add   type: 'range' }
10 silly addNamed yo@*
11 verbose addNamed "*" is a valid semver range for yo
12 silly addNameRange { name: 'yo', range: '*', hasData: false }
13 silly mapToRegistry name yo
14 silly mapToRegistry using default registry
15 silly mapToRegistry registry https://registry.npmjs.org/
16 silly mapToRegistry uri https://registry.npmjs.org/yo
17 verbose addNameRange registry:https://registry.npmjs.org/yo not in flight; fetching
18 verbose request uri https://registry.npmjs.org/yo
19 verbose request no auth needed
20 info attempt registry request try #1 at 20:44:17
21 verbose request id bf99345b8cf85b9b
22 http request GET https://registry.npmjs.org/yo
23 http 200 https://registry.npmjs.org/yo
24 silly get cb [ 200,
24 silly get   { server: 'CouchDB/1.5.0 (Erlang OTP/R16B03)',
24 silly get     etag: '"AOU0RCMTFFSFKQNRIJJJCVXCJ"',
24 silly get     'content-type': 'application/json',
24 silly get     'cache-control': 'max-age=300',
24 silly get     'content-length': '52994',
24 silly get     'accept-ranges': 'bytes',
24 silly get     date: 'Mon, 29 Feb 2016 12:44:17 GMT',
24 silly get     via: '1.1 varnish',
24 silly get     age: '0',
24 silly get     connection: 'keep-alive',
24 silly get     'x-served-by': 'cache-hkg6822-HKG',
24 silly get     'x-cache': 'HIT',
24 silly get     'x-cache-hits': '1',
24 silly get     'x-timer': 'S1456749857.529302,VS0,VE232',
24 silly get     vary: 'Accept' } ]
25 verbose get saving yo to /home/amy/.npm/registry.npmjs.org/yo/.cache.json
26 silly addNameRange number 2 { name: 'yo', range: '*', hasData: true }
27 silly addNameRange versions [ 'yo',
27 silly addNameRange   [ '1.1.0',
27 silly addNameRange     '1.1.1',
27 silly addNameRange     '1.1.2',
27 silly addNameRange     '1.2.0',
27 silly addNameRange     '1.2.1',
27 silly addNameRange     '1.3.0',
27 silly addNameRange     '1.3.2',
27 silly addNameRange     '1.3.3',
27 silly addNameRange     '1.4.1',
27 silly addNameRange     '1.4.2',
27 silly addNameRange     '1.4.4',
27 silly addNameRange     '1.4.5',
27 silly addNameRange     '1.4.6',
27 silly addNameRange     '1.4.7',
27 silly addNameRange     '1.4.8',
27 silly addNameRange     '1.5.0',
27 silly addNameRange     '1.5.1',
27 silly addNameRange     '1.6.0',
27 silly addNameRange     '1.7.0' ] ]
28 silly addNamed yo@1.7.0
29 verbose addNamed "1.7.0" is a plain semver version for yo
30 silly mapToRegistry name yo
31 silly mapToRegistry using default registry
32 silly mapToRegistry registry https://registry.npmjs.org/
33 silly mapToRegistry uri https://registry.npmjs.org/yo
34 verbose addRemoteTarball https://registry.npmjs.org/yo/-/yo-1.7.0.tgz not in flight; adding
35 verbose addRemoteTarball [ 'https://registry.npmjs.org/yo/-/yo-1.7.0.tgz',
35 verbose addRemoteTarball   'eb354d2e40dd0ac50277bfa7177a4470897a8655' ]
36 info retry fetch attempt 1 at 20:44:17
37 info attempt registry request try #1 at 20:44:17
38 http fetch GET https://registry.npmjs.org/yo/-/yo-1.7.0.tgz
39 http fetch 200 https://registry.npmjs.org/yo/-/yo-1.7.0.tgz
40 silly fetchAndShaCheck shasum eb354d2e40dd0ac50277bfa7177a4470897a8655
41 verbose addTmpTarball /tmp/npm-19824-b7dc91f1/registry.npmjs.org/yo/-/yo-1.7.0.tgz not in flight; adding
42 verbose addTmpTarball already have metadata; skipping unpack for yo@1.7.0
43 silly cache afterAdd yo@1.7.0
44 verbose afterAdd /home/amy/.npm/yo/1.7.0/package/package.json not in flight; writing
45 verbose afterAdd /home/amy/.npm/yo/1.7.0/package/package.json written
46 silly install resolved [ { name: 'yo',
46 silly install resolved     version: '1.7.0',
46 silly install resolved     description: 'CLI tool for running Yeoman generators',
46 silly install resolved     homepage: 'https://github.com/yeoman/yo#readme',
46 silly install resolved     author: { name: 'Yeoman' },
46 silly install resolved     files: [ 'lib' ],
46 silly install resolved     main: 'lib/index.js',
46 silly install resolved     keywords:
46 silly install resolved      [ 'cli-app',
46 silly install resolved        'cli',
46 silly install resolved        'front-end',
46 silly install resolved        'development',
46 silly install resolved        'dev',
46 silly install resolved        'build',
46 silly install resolved        'web',
46 silly install resolved        'tool',
46 silly install resolved        'scaffold',
46 silly install resolved        'stack',
46 silly install resolved        'yeoman',
46 silly install resolved        'generator',
46 silly install resolved        'generate',
46 silly install resolved        'app',
46 silly install resolved        'boilerplate' ],
46 silly install resolved     license: 'BSD-2-Clause',
46 silly install resolved     repository: { type: 'git', url: 'git+https://github.com/yeoman/yo.git' },
46 silly install resolved     bin: { yo: 'lib/cli.js' },
46 silly install resolved     engines: { node: '>=0.12.0' },
46 silly install resolved     scripts:
46 silly install resolved      { test: 'gulp',
46 silly install resolved        postinstall: 'yodoctor',
46 silly install resolved        postupdate: 'yodoctor',
46 silly install resolved        prepublish: 'gulp prepublish' },
46 silly install resolved     dependencies:
46 silly install resolved      { async: '^1.0.0',
46 silly install resolved        chalk: '^1.0.0',
46 silly install resolved        'cli-list': '^0.1.1',
46 silly install resolved        configstore: '^1.0.0',
46 silly install resolved        'cross-spawn-async': '^2.0.0',
46 silly install resolved        figures: '^1.3.5',
46 silly install resolved        fullname: '^2.0.0',
46 silly install resolved        got: '^5.0.0',
46 silly install resolved        'humanize-string': '^1.0.0',
46 silly install resolved        inquirer: '^0.11.0',
46 silly install resolved        insight: '^0.7.0',
46 silly install resolved        lodash: '^3.2.0',
46 silly install resolved        meow: '^3.0.0',
46 silly install resolved        'npm-keyword': '^4.1.0',
46 silly install resolved        opn: '^3.0.2',
46 silly install resolved        'package-json': '^2.1.0',
46 silly install resolved        'read-pkg-up': '^1.0.1',
46 silly install resolved        repeating: '^2.0.0',
46 silly install resolved        'root-check': '^1.0.0',
46 silly install resolved        'sort-on': '^1.0.0',
46 silly install resolved        'string-length': '^1.0.0',
46 silly install resolved        titleize: '^1.0.0',
46 silly install resolved        'update-notifier': '^0.6.0',
46 silly install resolved        'user-home': '^2.0.0',
46 silly install resolved        'yeoman-character': '^1.0.0',
46 silly install resolved        'yeoman-doctor': '^2.0.0',
46 silly install resolved        'yeoman-environment': '^1.5.0',
46 silly install resolved        yosay: '^1.0.0' },
46 silly install resolved     devDependencies:
46 silly install resolved      { mocha: '^2.1.0',
46 silly install resolved        mockery: '^1.4.0',
46 silly install resolved        nock: '^2.0.1',
46 silly install resolved        nsp: '^2.2.0',
46 silly install resolved        proxyquire: '^1.0.1',
46 silly install resolved        'registry-url': '^3.0.0',
46 silly install resolved        sinon: '^1.12.1',
46 silly install resolved        gulp: '^3.6.0',
46 silly install resolved        'gulp-eslint': '^1.0.0',
46 silly install resolved        'gulp-exclude-gitignore': '^1.0.0',
46 silly install resolved        'gulp-istanbul': '^0.9.0',
46 silly install resolved        'gulp-mocha': '^2.0.0',
46 silly install resolved        'gulp-plumber': '^1.0.0',
46 silly install resolved        'gulp-nsp': '^2.1.0',
46 silly install resolved        'gulp-coveralls': '^0.1.0' },
46 silly install resolved     gitHead: 'ce739d33a387aecb134627816cbddf960cab9b1f',
46 silly install resolved     bugs: { url: 'https://github.com/yeoman/yo/issues' },
46 silly install resolved     _id: 'yo@1.7.0',
46 silly install resolved     _shasum: 'eb354d2e40dd0ac50277bfa7177a4470897a8655',
46 silly install resolved     _from: 'yo@*',
46 silly install resolved     _npmVersion: '3.5.3',
46 silly install resolved     _nodeVersion: '5.5.0',
46 silly install resolved     _npmUser: { name: 'sboudrias', email: 'admin@simonboudrias.com' },
46 silly install resolved     dist:
46 silly install resolved      { shasum: 'eb354d2e40dd0ac50277bfa7177a4470897a8655',
46 silly install resolved        tarball: 'http://registry.npmjs.org/yo/-/yo-1.7.0.tgz' },
46 silly install resolved     maintainers:
46 silly install resolved      [ [Object],
46 silly install resolved        [Object],
46 silly install resolved        [Object],
46 silly install resolved        [Object],
46 silly install resolved        [Object],
46 silly install resolved        [Object],
46 silly install resolved        [Object] ],
46 silly install resolved     _npmOperationalInternal:
46 silly install resolved      { host: 'packages-9-west.internal.npmjs.com',
46 silly install resolved        tmp: 'tmp/yo-1.7.0.tgz_1456519776662_0.09777535311877728' },
46 silly install resolved     directories: {},
46 silly install resolved     _resolved: 'https://registry.npmjs.org/yo/-/yo-1.7.0.tgz' } ]
47 info install yo@1.7.0 into /usr/lib
48 info installOne yo@1.7.0
49 verbose installOne of yo to /usr/lib not in flight; installing
50 verbose lock using /home/amy/.npm/_locks/yo-9e36c1315f2917c0.lock for /usr/lib/node_modules/yo
51 silly install write writing yo 1.7.0 to /usr/lib/node_modules/yo
52 verbose unbuild lib/node_modules/yo
53 silly gentlyRm /usr/lib/node_modules/yo is being purged from base /usr
54 verbose gentlyRm don't care about contents; nuking /usr/lib/node_modules/yo
55 verbose tar unpack /home/amy/.npm/yo/1.7.0/package.tgz
56 verbose tar unpacking to /usr/lib/node_modules/yo
57 silly gentlyRm /usr/lib/node_modules/yo is being purged
58 verbose gentlyRm don't care about contents; nuking /usr/lib/node_modules/yo
59 silly gunzTarPerm modes [ '775', '664' ]
60 error tar.unpack untar error /home/amy/.npm/yo/1.7.0/package.tgz
61 verbose unlock done using /home/amy/.npm/_locks/yo-9e36c1315f2917c0.lock for /usr/lib/node_modules/yo
62 verbose fstream_path /usr/lib/node_modules/yo
63 verbose fstream_type Directory
64 verbose fstream_class DirWriter
65 verbose stack Error: EACCES, mkdir '/usr/lib/node_modules/yo'
65 verbose stack     at Error (native)
66 verbose fstream_stack /usr/lib/node_modules/npm/node_modules/fstream/lib/dir-writer.js:35:25
66 verbose fstream_stack /usr/lib/node_modules/npm/node_modules/mkdirp/index.js:47:53
66 verbose fstream_stack FSReqWrap.oncomplete (fs.js:95:15)
67 verbose cwd /home/amy/Documents/work/ntuaf/control
68 error Linux 3.13.0-57-generic
69 error argv "node" "/usr/bin/npm" "install" "-g" "yo"
70 error node v0.12.7
71 error npm  v2.13.3
72 error path /usr/lib/node_modules/yo
73 error code EACCES
74 error errno -13
75 error Error: EACCES, mkdir '/usr/lib/node_modules/yo'
75 error     at Error (native)
75 error  { [Error: EACCES, mkdir '/usr/lib/node_modules/yo']
75 error   errno: -13,
75 error   code: 'EACCES',
75 error   path: '/usr/lib/node_modules/yo',
75 error   fstream_type: 'Directory',
75 error   fstream_path: '/usr/lib/node_modules/yo',
75 error   fstream_class: 'DirWriter',
75 error   fstream_stack:
75 error    [ '/usr/lib/node_modules/npm/node_modules/fstream/lib/dir-writer.js:35:25',
75 error      '/usr/lib/node_modules/npm/node_modules/mkdirp/index.js:47:53',
75 error      'FSReqWrap.oncomplete (fs.js:95:15)' ] }
76 error Please try running this command again as root/Administrator.
77 verbose exit [ -13, true ]
78 verbose unbuild lib/node_modules/yo
79 silly gentlyRm /usr/lib/node_modules/yo is being purged from base /usr
80 verbose gentlyRm don't care about contents; nuking /usr/lib/node_modules/yo
